Determining if the pthread_create exist failed with the following output:
Change Dir: /home/odroid/lidar_ws/build/CMakeFiles/CMakeTmp

Run Build Command:"/usr/bin/make" "cmTC_e69c9/fast"
/usr/bin/make -f CMakeFiles/cmTC_e69c9.dir/build.make CMakeFiles/cmTC_e69c9.dir/build
make[1]: Entering directory '/home/odroid/lidar_ws/build/CMakeFiles/CMakeTmp'
Building C object CMakeFiles/cmTC_e69c9.dir/CheckSymbolExists.c.o
/usr/bin/cc     -o CMakeFiles/cmTC_e69c9.dir/CheckSymbolExists.c.o   -c /home/odroid/lidar_ws/build/CMakeFiles/CMakeTmp/CheckSymbolExists.c
Linking C executable cmTC_e69c9
/usr/bin/cmake -E cmake_link_script CMakeFiles/cmTC_e69c9.dir/link.txt --verbose=1
/usr/bin/cc       CMakeFiles/cmTC_e69c9.dir/CheckSymbolExists.c.o  -o cmTC_e69c9 -rdynamic 
CMakeFiles/cmTC_e69c9.dir/CheckSymbolExists.c.o: In function `main':
CheckSymbolExists.c:(.text+0xe): undefined reference to `pthread_create'
CheckSymbolExists.c:(.text+0x12): undefined reference to `pthread_create'
collect2: error: ld returned 1 exit status
CMakeFiles/cmTC_e69c9.dir/build.make:97: recipe for target 'cmTC_e69c9' failed
make[1]: *** [cmTC_e69c9] Error 1
make[1]: Leaving directory '/home/odroid/lidar_ws/build/CMakeFiles/CMakeTmp'
Makefile:126: recipe for target 'cmTC_e69c9/fast' failed
make: *** [cmTC_e69c9/fast] Error 2

File /home/odroid/lidar_ws/build/CMakeFiles/CMakeTmp/CheckSymbolExists.c:
/* */
#include <pthread.h>

int main(int argc, char** argv)
{
  (void)argv;
#ifndef pthread_create
  return ((int*)(&pthread_create))[argc];
#else
  (void)argc;
  return 0;
#endif
}

Determining if the function pthread_create exists in the pthreads failed with the following output:
Change Dir: /home/odroid/lidar_ws/build/CMakeFiles/CMakeTmp

Run Build Command:"/usr/bin/make" "cmTC_125af/fast"
/usr/bin/make -f CMakeFiles/cmTC_125af.dir/build.make CMakeFiles/cmTC_125af.dir/build
make[1]: Entering directory '/home/odroid/lidar_ws/build/CMakeFiles/CMakeTmp'
make[1]: Warning: File '/usr/share/cmake-3.5/Modules/CheckFunctionExists.c' has modification time 3620298 s in the future
Building C object CMakeFiles/cmTC_125af.dir/CheckFunctionExists.c.o
/usr/bin/cc    -DCHECK_FUNCTION_EXISTS=pthread_create   -o CMakeFiles/cmTC_125af.dir/CheckFunctionExists.c.o   -c /usr/share/cmake-3.5/Modules/CheckFunctionExists.c
Linking C executable cmTC_125af
/usr/bin/cmake -E cmake_link_script CMakeFiles/cmTC_125af.dir/link.txt --verbose=1
/usr/bin/cc   -DCHECK_FUNCTION_EXISTS=pthread_create    CMakeFiles/cmTC_125af.dir/CheckFunctionExists.c.o  -o cmTC_125af -rdynamic -lpthreads 
/usr/bin/ld: cannot find -lpthreads
collect2: error: ld returned 1 exit status
CMakeFiles/cmTC_125af.dir/build.make:97: recipe for target 'cmTC_125af' failed
make[1]: *** [cmTC_125af] Error 1
make[1]: Leaving directory '/home/odroid/lidar_ws/build/CMakeFiles/CMakeTmp'
Makefile:126: recipe for target 'cmTC_125af/fast' failed
make: *** [cmTC_125af/fast] Error 2


Determining if the Q_WS_WIN exist failed with the following output:
Change Dir: /home/odroid/lidar_ws/build/CMakeFiles/CMakeTmp

Run Build Command:"/usr/bin/make" "cmTC_627a0/fast"
/usr/bin/make -f CMakeFiles/cmTC_627a0.dir/build.make CMakeFiles/cmTC_627a0.dir/build
make[1]: Entering directory '/home/odroid/lidar_ws/build/CMakeFiles/CMakeTmp'
Building CXX object CMakeFiles/cmTC_627a0.dir/CheckSymbolExists.cxx.o
/usr/bin/c++    -I/usr/include/qt4   -o CMakeFiles/cmTC_627a0.dir/CheckSymbolExists.cxx.o -c /home/odroid/lidar_ws/build/CMakeFiles/CMakeTmp/CheckSymbolExists.cxx
/home/odroid/lidar_ws/build/CMakeFiles/CMakeTmp/CheckSymbolExists.cxx: In function ‘int main(int, char**)’:
/home/odroid/lidar_ws/build/CMakeFiles/CMakeTmp/CheckSymbolExists.cxx:8:19: error: ‘Q_WS_WIN’ was not declared in this scope
   return ((int*)(&Q_WS_WIN))[argc];
                   ^
CMakeFiles/cmTC_627a0.dir/build.make:65: recipe for target 'CMakeFiles/cmTC_627a0.dir/CheckSymbolExists.cxx.o' failed
make[1]: *** [CMakeFiles/cmTC_627a0.dir/CheckSymbolExists.cxx.o] Error 1
make[1]: Leaving directory '/home/odroid/lidar_ws/build/CMakeFiles/CMakeTmp'
Makefile:126: recipe for target 'cmTC_627a0/fast' failed
make: *** [cmTC_627a0/fast] Error 2

File /home/odroid/lidar_ws/build/CMakeFiles/CMakeTmp/CheckSymbolExists.cxx:
/* */
#include <QtCore/qglobal.h>

int main(int argc, char** argv)
{
  (void)argv;
#ifndef Q_WS_WIN
  return ((int*)(&Q_WS_WIN))[argc];
#else
  (void)argc;
  return 0;
#endif
}

Determining if the Q_WS_QWS exist failed with the following output:
Change Dir: /home/odroid/lidar_ws/build/CMakeFiles/CMakeTmp

Run Build Command:"/usr/bin/make" "cmTC_213a6/fast"
/usr/bin/make -f CMakeFiles/cmTC_213a6.dir/build.make CMakeFiles/cmTC_213a6.dir/build
make[1]: Entering directory '/home/odroid/lidar_ws/build/CMakeFiles/CMakeTmp'
Building CXX object CMakeFiles/cmTC_213a6.dir/CheckSymbolExists.cxx.o
/usr/bin/c++    -I/usr/include/qt4   -o CMakeFiles/cmTC_213a6.dir/CheckSymbolExists.cxx.o -c /home/odroid/lidar_ws/build/CMakeFiles/CMakeTmp/CheckSymbolExists.cxx
/home/odroid/lidar_ws/build/CMakeFiles/CMakeTmp/CheckSymbolExists.cxx: In function ‘int main(int, char**)’:
/home/odroid/lidar_ws/build/CMakeFiles/CMakeTmp/CheckSymbolExists.cxx:8:19: error: ‘Q_WS_QWS’ was not declared in this scope
   return ((int*)(&Q_WS_QWS))[argc];
                   ^
CMakeFiles/cmTC_213a6.dir/build.make:65: recipe for target 'CMakeFiles/cmTC_213a6.dir/CheckSymbolExists.cxx.o' failed
make[1]: *** [CMakeFiles/cmTC_213a6.dir/CheckSymbolExists.cxx.o] Error 1
make[1]: Leaving directory '/home/odroid/lidar_ws/build/CMakeFiles/CMakeTmp'
Makefile:126: recipe for target 'cmTC_213a6/fast' failed
make: *** [cmTC_213a6/fast] Error 2

File /home/odroid/lidar_ws/build/CMakeFiles/CMakeTmp/CheckSymbolExists.cxx:
/* */
#include <QtCore/qglobal.h>

int main(int argc, char** argv)
{
  (void)argv;
#ifndef Q_WS_QWS
  return ((int*)(&Q_WS_QWS))[argc];
#else
  (void)argc;
  return 0;
#endif
}

Determining if the Q_WS_MAC exist failed with the following output:
Change Dir: /home/odroid/lidar_ws/build/CMakeFiles/CMakeTmp

Run Build Command:"/usr/bin/make" "cmTC_69a27/fast"
/usr/bin/make -f CMakeFiles/cmTC_69a27.dir/build.make CMakeFiles/cmTC_69a27.dir/build
make[1]: Entering directory '/home/odroid/lidar_ws/build/CMakeFiles/CMakeTmp'
Building CXX object CMakeFiles/cmTC_69a27.dir/CheckSymbolExists.cxx.o
/usr/bin/c++    -I/usr/include/qt4   -o CMakeFiles/cmTC_69a27.dir/CheckSymbolExists.cxx.o -c /home/odroid/lidar_ws/build/CMakeFiles/CMakeTmp/CheckSymbolExists.cxx
/home/odroid/lidar_ws/build/CMakeFiles/CMakeTmp/CheckSymbolExists.cxx: In function ‘int main(int, char**)’:
/home/odroid/lidar_ws/build/CMakeFiles/CMakeTmp/CheckSymbolExists.cxx:8:19: error: ‘Q_WS_MAC’ was not declared in this scope
   return ((int*)(&Q_WS_MAC))[argc];
                   ^
CMakeFiles/cmTC_69a27.dir/build.make:65: recipe for target 'CMakeFiles/cmTC_69a27.dir/CheckSymbolExists.cxx.o' failed
make[1]: *** [CMakeFiles/cmTC_69a27.dir/CheckSymbolExists.cxx.o] Error 1
make[1]: Leaving directory '/home/odroid/lidar_ws/build/CMakeFiles/CMakeTmp'
Makefile:126: recipe for target 'cmTC_69a27/fast' failed
make: *** [cmTC_69a27/fast] Error 2

File /home/odroid/lidar_ws/build/CMakeFiles/CMakeTmp/CheckSymbolExists.cxx:
/* */
#include <QtCore/qglobal.h>

int main(int argc, char** argv)
{
  (void)argv;
#ifndef Q_WS_MAC
  return ((int*)(&Q_WS_MAC))[argc];
#else
  (void)argc;
  return 0;
#endif
}

